0 info it worked if it ends with ok
1 verbose cli [ 'C:\\Program Files\\nodejs\\node.exe',
1 verbose cli   'C:\\Program Files\\nodejs\\node_modules\\npm\\bin\\npm-cli.js',
1 verbose cli   'install',
1 verbose cli   '-g',
1 verbose cli   'n' ]
2 info using npm@2.14.12
3 info using node@v4.2.4
4 verbose install initial load of C:\Users\Kallol Chatterjee\AppData\Roaming\npm\package.json
5 verbose readDependencies loading dependencies from C:\Users\Kallol Chatterjee\AppData\Roaming\npm\package.json
6 silly cache add args [ 'n', null ]
7 verbose cache add spec n
8 silly cache add parsed spec Result {
8 silly cache add   raw: 'n',
8 silly cache add   scope: null,
8 silly cache add   name: 'n',
8 silly cache add   rawSpec: '',
8 silly cache add   spec: 'latest',
8 silly cache add   type: 'tag' }
9 silly addNamed n@latest
10 verbose addNamed "latest" is being treated as a dist-tag for n
11 info addNameTag [ 'n', 'latest' ]
12 silly mapToRegistry name n
13 silly mapToRegistry using default registry
14 silly mapToRegistry registry https://registry.npmjs.org/
15 silly mapToRegistry uri https://registry.npmjs.org/n
16 verbose addNameTag registry:https://registry.npmjs.org/n not in flight; fetching
17 verbose request uri https://registry.npmjs.org/n
18 verbose request no auth needed
19 info attempt registry request try #1 at 9:54:24 PM
20 verbose request id 1a2c32bc82ed0ee8
21 http request GET https://registry.npmjs.org/n
22 http 200 https://registry.npmjs.org/n
23 verbose headers { date: 'Wed, 14 Oct 2020 04:53:45 GMT',
23 verbose headers   'content-type': 'application/json',
23 verbose headers   'transfer-encoding': 'chunked',
23 verbose headers   connection: 'keep-alive',
23 verbose headers   'set-cookie': [ '__cfduid=d490dd2c65c12c865c03bef9da77159361602651225; expires=Fri, 13-Nov-20 04:53:45 GMT; path=/; domain=.npmjs.org; HttpOnly; SameSite=Lax' ],
23 verbose headers   'cf-ray': '5e1eb2cccf65023b-SJC',
23 verbose headers   age: '2445',
23 verbose headers   'cache-control': 'public, max-age=300',
23 verbose headers   etag: 'W/"2fff561a11adc6a7ba2cfbd0be110762"',
23 verbose headers   'last-modified': 'Sat, 25 Jul 2020 10:04:33 GMT',
23 verbose headers   vary: 'accept-encoding, accept',
23 verbose headers   'cf-cache-status': 'HIT',
23 verbose headers   'cf-request-id': '05c70e13ff0000023bb43e1200000001',
23 verbose headers   'expect-ct': 'max-age=604800, report-uri="https://report-uri.cloudflare.com/cdn-cgi/beacon/expect-ct"',
23 verbose headers   server: 'cloudflare',
23 verbose headers   'content-encoding': 'gzip' }
24 silly get cb [ 200,
24 silly get   { date: 'Wed, 14 Oct 2020 04:53:45 GMT',
24 silly get     'content-type': 'application/json',
24 silly get     'transfer-encoding': 'chunked',
24 silly get     connection: 'keep-alive',
24 silly get     'set-cookie': [ '__cfduid=d490dd2c65c12c865c03bef9da77159361602651225; expires=Fri, 13-Nov-20 04:53:45 GMT; path=/; domain=.npmjs.org; HttpOnly; SameSite=Lax' ],
24 silly get     'cf-ray': '5e1eb2cccf65023b-SJC',
24 silly get     age: '2445',
24 silly get     'cache-control': 'public, max-age=300',
24 silly get     etag: 'W/"2fff561a11adc6a7ba2cfbd0be110762"',
24 silly get     'last-modified': 'Sat, 25 Jul 2020 10:04:33 GMT',
24 silly get     vary: 'accept-encoding, accept',
24 silly get     'cf-cache-status': 'HIT',
24 silly get     'cf-request-id': '05c70e13ff0000023bb43e1200000001',
24 silly get     'expect-ct': 'max-age=604800, report-uri="https://report-uri.cloudflare.com/cdn-cgi/beacon/expect-ct"',
24 silly get     server: 'cloudflare',
24 silly get     'content-encoding': 'gzip' } ]
25 verbose get saving n to C:\Users\Kallol Chatterjee\AppData\Roaming\npm-cache\registry.npmjs.org\n\.cache.json
26 silly addNameTag next cb for n with tag latest
27 silly addNamed n@6.7.0
28 verbose addNamed "6.7.0" is a plain semver version for n
29 silly mapToRegistry name n
30 silly mapToRegistry using default registry
31 silly mapToRegistry registry https://registry.npmjs.org/
32 silly mapToRegistry uri https://registry.npmjs.org/n
33 verbose addRemoteTarball https://registry.npmjs.org/n/-/n-6.7.0.tgz not in flight; adding
34 verbose addRemoteTarball [ 'https://registry.npmjs.org/n/-/n-6.7.0.tgz',
34 verbose addRemoteTarball   '95b4b5d338edb6959f2f4603400fcd093c372af1' ]
35 info retry fetch attempt 1 at 9:54:27 PM
36 info attempt registry request try #1 at 9:54:27 PM
37 http fetch GET https://registry.npmjs.org/n/-/n-6.7.0.tgz
38 http fetch 200 https://registry.npmjs.org/n/-/n-6.7.0.tgz
39 silly fetchAndShaCheck shasum 95b4b5d338edb6959f2f4603400fcd093c372af1
40 verbose addTmpTarball C:\Users\KALLOL~1\AppData\Local\Temp\npm-12100-36341e4f\registry.npmjs.org\n\-\n-6.7.0.tgz not in flight; adding
41 verbose addTmpTarball already have metadata; skipping unpack for n@6.7.0
42 silly cache afterAdd n@6.7.0
43 verbose afterAdd C:\Users\Kallol Chatterjee\AppData\Roaming\npm-cache\n\6.7.0\package\package.json not in flight; writing
44 verbose afterAdd C:\Users\Kallol Chatterjee\AppData\Roaming\npm-cache\n\6.7.0\package\package.json written
45 silly install resolved [ { name: 'n',
45 silly install resolved     description: 'Interactively Manage All Your Node Versions',
45 silly install resolved     version: '6.7.0',
45 silly install resolved     author: { name: 'TJ Holowaychuk', email: 'tj@vision-media.ca' },
45 silly install resolved     homepage: 'https://github.com/tj/n',
45 silly install resolved     bugs: { url: 'https://github.com/tj/n/issues' },
45 silly install resolved     contributors: [ [Object], [Object], [Object] ],
45 silly install resolved     keywords:
45 silly install resolved      [ 'nvm',
45 silly install resolved        'node',
45 silly install resolved        'version',
45 silly install resolved        'manager',
45 silly install resolved        'switcher',
45 silly install resolved        'node',
45 silly install resolved        'binary',
45 silly install resolved        'env' ],
45 silly install resolved     bin: { n: './bin/n' },
45 silly install resolved     repository: { type: 'git', url: 'git://github.com/tj/n.git' },
45 silly install resolved     scripts: { test: 'test/bin/run-all-tests' },
45 silly install resolved     devDependencies: { bats: '^1.1.0' },
45 silly install resolved     preferGlobal: true,
45 silly install resolved     os: [ '!win32' ],
45 silly install resolved     engines: { node: '*' },
45 silly install resolved     license: 'MIT',
45 silly install resolved     gitHead: 'cbc01f3ae06c90ff686cbeeed0c95005314a24c8',
45 silly install resolved     _id: 'n@6.7.0',
45 silly install resolved     _npmVersion: '6.4.1',
45 silly install resolved     _nodeVersion: '10.15.0',
45 silly install resolved     _npmUser: { name: 'shadowspawn', email: 'npm_j@ruru.gen.nz' },
45 silly install resolved     dist:
45 silly install resolved      { integrity: 'sha512-l/pRcSEqR5PN7/j2Y5tY8KzW/tH0bVJ5UnceItO9mLjoHjNOaRc9cVkIUzUnfftQrcc5RXaqTRrtOPhQ9n10MQ==',
45 silly install resolved        shasum: '95b4b5d338edb6959f2f4603400fcd093c372af1',
45 silly install resolved        tarball: 'https://registry.npmjs.org/n/-/n-6.7.0.tgz',
45 silly install resolved        fileCount: 5,
45 silly install resolved        unpackedSize: 64480,
45 silly install resolved        'npm-signature': '-----BEGIN PGP SIGNATURE-----\r\nVersion: OpenPGP.js v3.0.4\r\nComment: https://openpgpjs.org\r\n\r\nwsFcBAEBCAAQBQJfHAOtCRA9TVsSAnZWagAAMzAQAIyb3iexg71QdDJ40ZB7\nhWv58UGKyynbayR8Td9RWlYzDFQSmPVWVK0rxzd5aMSO3VbU/xpVOzpPWYre\nwyT3u9vgmUY5kKT4u82zA78rE+qUd8QKbgsrTLPykYwiRxYPY1g2Ef+HtY7v\nn/Wdqo+yXlTaE9ZWV8OhKUcXMbThEIN9eU3U7PIsB6dgBKXq3ljrgrmkuG6/\nIEHhrt5FCdgnQO0ujdz2V5T+JQWG0m+h44zHFsB+lAEZ8eLzTt1q6LdHyWO2\nRnwnReENv7IRGUY5vhOSmw4tgrvCvA1YIHec6OH8vwDitdID7c/YfmxjnS5L\nY3co1S5Fox48+ANR8NR6kh7yT2csUzrkxGEAVzKSr0a9DUVmcXX3ZVFbnYlL\nOS0IbC02ub9JQJ4kajDHhFJ/9UUF5uuncxuDndfbJoMNkBZTW6up0M29EDKj\n6HL3D51US3vez+QvatplSHs71YOFtxRhn/kmhYnhX6o3uuZkiN+SPcYJZemT\nFBIm440cY3y6o5f3d1RZW3Qg1ivg/rvaGHEjq6Udfr/tIuI9jekapyU+aoZ/\nYvARJumzXVb+BJ+5F7yW1rje9luvZScqy3zvTdyH99hw1LsTwRtHwBmK2v/5\no4XfKp6FcSLBLSSuQ6J9L3NbjV4FOuCxBDIAPIYaUwo2U15ioIOR5FXDQESd\nWFxi\r\n=VWVK\r\n-----END PGP SIGNATURE-----\r\n' },
45 silly install resolved     maintainers:
45 silly install resolved      [ [Object],
45 silly install resolved        [Object],
45 silly install resolved        [Object],
45 silly install resolved        [Object],
45 silly install resolved        [Object],
45 silly install resolved        [Object],
45 silly install resolved        [Object] ],
45 silly install resolved     directories: {},
45 silly install resolved     _npmOperationalInternal:
45 silly install resolved      { host: 's3://npm-registry-packages',
45 silly install resolved        tmp: 'tmp/n_6.7.0_1595671469346_0.8262654042861921' },
45 silly install resolved     _hasShrinkwrap: false,
45 silly install resolved     _shasum: '95b4b5d338edb6959f2f4603400fcd093c372af1',
45 silly install resolved     _resolved: 'https://registry.npmjs.org/n/-/n-6.7.0.tgz',
45 silly install resolved     _from: 'n@latest' } ]
46 info install n@6.7.0 into C:\Users\Kallol Chatterjee\AppData\Roaming\npm
47 info installOne n@6.7.0
48 verbose installOne of n to C:\Users\Kallol Chatterjee\AppData\Roaming\npm not in flight; installing
49 verbose lock using C:\Users\Kallol Chatterjee\AppData\Roaming\npm-cache\_locks\n-987f5fe57bcc1557.lock for C:\Users\Kallol Chatterjee\AppData\Roaming\npm\node_modules\n
50 verbose unlock done using C:\Users\Kallol Chatterjee\AppData\Roaming\npm-cache\_locks\n-987f5fe57bcc1557.lock for C:\Users\Kallol Chatterjee\AppData\Roaming\npm\node_modules\n
51 verbose stack Error: Unsupported
51 verbose stack     at checkPlatform (C:\Program Files\nodejs\node_modules\npm\node_modules\npm-install-checks\index.js:47:14)
51 verbose stack     at Array.<anonymous> (C:\Program Files\nodejs\node_modules\npm\node_modules\slide\lib\bind-actor.js:15:8)
51 verbose stack     at LOOP (C:\Program Files\nodejs\node_modules\npm\node_modules\slide\lib\chain.js:15:14)
51 verbose stack     at C:\Program Files\nodejs\node_modules\npm\node_modules\slide\lib\chain.js:18:7
51 verbose stack     at checkEngine (C:\Program Files\nodejs\node_modules\npm\node_modules\npm-install-checks\index.js:26:10)
51 verbose stack     at Array.<anonymous> (C:\Program Files\nodejs\node_modules\npm\node_modules\slide\lib\bind-actor.js:15:8)
51 verbose stack     at LOOP (C:\Program Files\nodejs\node_modules\npm\node_modules\slide\lib\chain.js:15:14)
51 verbose stack     at chain (C:\Program Files\nodejs\node_modules\npm\node_modules\slide\lib\chain.js:20:5)
51 verbose stack     at C:\Program Files\nodejs\node_modules\npm\lib\install.js:1038:5
51 verbose stack     at C:\Program Files\nodejs\node_modules\npm\lib\utils\locker.js:39:7
52 verbose pkgid n@6.7.0
53 verbose cwd D:\graphql_demo\graphql_server
54 error Windows_NT 10.0.17134
55 error argv "C:\\Program Files\\nodejs\\node.exe" "C:\\Program Files\\nodejs\\node_modules\\npm\\bin\\npm-cli.js" "install" "-g" "n"
56 error node v4.2.4
57 error npm  v2.14.12
58 error code EBADPLATFORM
59 error notsup Unsupported
59 error notsup Not compatible with your operating system or architecture: n@6.7.0
59 error notsup Valid OS:    !win32
59 error notsup Valid Arch:  any
59 error notsup Actual OS:   win32
59 error notsup Actual Arch: x64
60 verbose exit [ 1, true ]
